This is pdfTeX, Version 3.14159265-2.6-1.40.17 (TeX Live 2016) (preloaded format=pdflatex 2016.5.22)  8 SEP 2017 12:18
entering extended mode
 restricted \write18 enabled.
 %&-line parsing enabled.
**buetcseugthesisbibliography.tex
(./buetcseugthesisbibliography.tex
LaTeX2e <2016/03/31>
Babel <3.9r> and hyphenation patterns for 83 language(s) loaded.

! LaTeX Error: \bibname undefined.

See the LaTeX manual or LaTeX Companion for explanation.
Type  H <return>  for immediate help.
 ...                                              
                                                  
l.6 \renewcommand\bibname
                         {References}
Try typing  <return>  to proceed.
If that doesn't work, type  X <return>  to quit.

\bibdata{buetcseugthesis}
No file buetcseugthesisbibliography.bbl.
)
! Emergency stop.
<*> buetcseugthesisbibliography.tex
                                   
*** (job aborted, no legal \end found)

 
Here is how much of TeX's memory you used:
 7 strings out of 493014
 218 string characters out of 6133351
 53601 words of memory out of 5000000
 3649 multiletter control sequences out of 15000+600000
 3640 words of font info for 14 fonts, out of 8000000 for 9000
 1141 hyphenation exceptions out of 8191
 7i,0n,5p,104b,17s stack positions out of 5000i,500n,10000p,200000b,80000s
!  ==> Fatal error occurred, no output PDF file produced!
